

Microchip Technology PIC18 LITE Macro Assembler V1.40 build -251452761 
                                                                                               Sun Dec 25 20:24:27 2016

Microchip Technology Omniscient Code Generator v1.40 (Free mode) build 201612010151
     1                           	processor	18F4550
     2                           	fnconf	rparam,??,?,0
     3                           	opt	pw 120
     4                           	opt	lm
     5                           	psect	idataCOMRAM,global,class=CODE,delta=1,noexec
     6                           	psect	smallconst,global,reloc=2,class=SMALLCONST,delta=1,noexec
     7                           	psect	cinit,global,reloc=2,class=CODE,delta=1
     8                           	psect	bssCOMRAM,global,class=COMRAM,space=1,delta=1,noexec
     9                           	psect	dataCOMRAM,global,class=COMRAM,space=1,delta=1,noexec
    10                           	psect	cstackCOMRAM,global,class=COMRAM,space=1,delta=1,noexec
    11                           	psect	text0,global,reloc=2,class=CODE,delta=1
    12                           	psect	intcode,global,reloc=2,class=CODE,delta=1
    13                           	psect	intcode_body,global,reloc=2,class=CODE,delta=1
    14                           	psect	intsave_regs,global,class=BIGRAM,space=1,delta=1,noexec
    15                           	psect	rparam,global,class=COMRAM,space=1,delta=1,noexec
    16                           	psect	temp,global,ovrld,common,class=COMRAM,space=1,delta=1
    17  0000                     
    18                           ; Version 1.40
    19                           ; Generated 01/12/2016 GMT
    20                           ; 
    21                           ; Copyright © 2016, Microchip Technology Inc. and its subsidiaries ("Microchip")
    22                           ; All rights reserved.
    23                           ; 
    24                           ; This software is developed by Microchip Technology Inc. and its subsidiaries ("Microch
      +                          ip").
    25                           ; 
    26                           ; Redistribution and use in source and binary forms, with or without modification, are
    27                           ; permitted provided that the following conditions are met:
    28                           ; 
    29                           ;     1. Redistributions of source code must retain the above copyright notice, this lis
      +                          t of
    30                           ;        conditions and the following disclaimer.
    31                           ; 
    32                           ;     2. Redistributions in binary form must reproduce the above copyright notice, this 
      +                          list
    33                           ;        of conditions and the following disclaimer in the documentation and/or other
    34                           ;        materials provided with the distribution.
    35                           ; 
    36                           ;     3. Microchip's name may not be used to endorse or promote products derived from th
      +                          is
    37                           ;        software without specific prior written permission.
    38                           ; 
    39                           ; THIS SOFTWARE IS PROVIDED BY MICROCHIP "AS IS" AND ANY EXPRESS OR IMPLIED WARRANTIES,
    40                           ; INCLUDING, BUT NOT LIMITED TO, THE IMPLIED WARRANTIES OF MERCHANTABILITY AND FITNESS F
      +                          OR
    41                           ; PURPOSE ARE DISCLAIMED.  IN NO EVENT SHALL MICROCHIP BE LIABLE FOR ANY DIRECT, INDIREC
      +                          T,
    42                           ; INCIDENTAL, SPECIAL, EXEMPLARY, OR CONSEQUENTIAL DAMAGES (INCLUDING BUT NOT LIMITED TO
    43                           ; PROCUREMENT OF SUBSTITUTE GOODS OR SERVICES; LOSS OF USE, DATA OR PROFITS; OR BUSINESS
    44                           ; INTERRUPTION) HOWSOEVER CAUSED AND ON ANY THEORY OF LIABILITY, WHETHER IN CONTRACT, ST
      +                          RICT
    45                           ; LIABILITY, OR TORT (INCLUDING NEGLIGENCE OR OTHERWISE) ARISING IN ANY WAY OUT OF THE U
      +                          SE OF
    46                           ; THIS SOFTWARE, EVEN IF ADVISED OF THE POSSIBILITY OF SUCH DAMAGE.
    47                           ; 
    48                           ; 
    49                           ; Code-generator required, PIC18F4550 Definitions
    50                           ; 
    51                           ; SFR Addresses
    52  0000                     
    53                           	psect	idataCOMRAM
    54  007F3A                     __pidataCOMRAM:
    55                           	opt stack 0
    56                           
    57                           ;initializer for Leds13@i
    58  007F3A  01                 	db	1
    59                           
    60                           ;initializer for Send4Disp@Nro_Disp
    61  007F3B  01                 	db	1
    62                           
    63                           ;initializer for _OffsetPeriodo
    64  007F3C  20                 	db	32
    65                           
    66                           ;initializer for _UpperByte
    67  007F3D  FF                 	db	255
    68                           
    69                           ;initializer for _col
    70  007F3E  FF                 	db	255
    71                           
    72                           ;initializer for _fila
    73  007F3F  FF                 	db	255
    74                           
    75                           ;initializer for tic_debounce@debounce_tic
    76  007F40  0A                 	db	10
    77                           
    78                           ;initializer for tic_encoder@estado
    79  007F41  04                 	db	4
    80                           
    81                           ;initializer for _frecuencia
    82  007F42  03E8               	dw	1000
    83                           
    84                           	psect	smallconst
    85  002018                     __psmallconst:
    86                           	opt stack 0
    87  002018  00                 	db	0
    88  002019                     _teclas:
    89                           	opt stack 0
    90  002019  01                 	db	1
    91  00201A  02                 	db	2
    92  00201B  03                 	db	3
    93  00201C  04                 	db	4
    94  00201D  05                 	db	5
    95  00201E  06                 	db	6
    96  00201F  07                 	db	7
    97  002020  08                 	db	8
    98  002021  09                 	db	9
    99  002022  2A                 	db	42
   100  002023  00                 	db	0
   101  002024  2B                 	db	43
   102  002025                     __end_of_teclas:
   103                           	opt stack 0
   104  0000                     _ADCON0bits	set	4034
   105  0000                     _ADCON1	set	4033
   106  0000                     _ADCON2	set	4032
   107  0000                     _ADRESH	set	4036
   108  0000                     _BAUDCONbits	set	4024
   109  0000                     _CCP1CONbits	set	4029
   110  0000                     _CCPR1L	set	4030
   111  0000                     _CMCON	set	4020
   112  0000                     _EEADR	set	4009
   113  0000                     _EECON1bits	set	4006
   114  0000                     _EECON2	set	4007
   115  0000                     _EEDATA	set	4008
   116  0000                     _INTCON2bits	set	4081
   117  0000                     _INTCON3bits	set	4080
   118  0000                     _INTCONbits	set	4082
   119  0000                     _LATA	set	3977
   120  0000                     _LATAbits	set	3977
   121  0000                     _LATB	set	3978
   122  0000                     _LATBbits	set	3978
   123  0000                     _LATC	set	3979
   124  0000                     _LATCbits	set	3979
   125  0000                     _LATD	set	3980
   126  0000                     _LATDbits	set	3980
   127  0000                     _LATE	set	3981
   128  0000                     _LATEbits	set	3981
   129  0000                     _PIE1bits	set	3997
   130  0000                     _PIR1bits	set	3998
   131  0000                     _PORTA	set	3968
   132  0000                     _PORTB	set	3969
   133  0000                     _PORTBbits	set	3969
   134  0000                     _PORTDbits	set	3971
   135  0000                     _PORTEbits	set	3972
   136  0000                     _PR2	set	4043
   137  0000                     _RCREG	set	4014
   138  0000                     _RCSTAbits	set	4011
   139  0000                     _SPBRG	set	4015
   140  0000                     _SPBRGH	set	4016
   141  0000                     _T0CONbits	set	4053
   142  0000                     _T1CONbits	set	4045
   143  0000                     _T2CONbits	set	4042
   144  0000                     _TMR0H	set	4055
   145  0000                     _TMR0L	set	4054
   146  0000                     _TMR1H	set	4047
   147  0000                     _TMR1L	set	4046
   148  0000                     _TRISA	set	3986
   149  0000                     _TRISAbits	set	3986
   150  0000                     _TRISB	set	3987
   151  0000                     _TRISBbits	set	3987
   152  0000                     _TRISC	set	3988
   153  0000                     _TRISCbits	set	3988
   154  0000                     _TRISD	set	3989
   155  0000                     _TRISE	set	3990
   156  0000                     _TRISEbits	set	3990
   157  0000                     _TXREG	set	4013
   158  0000                     _TXSTAbits	set	4012
   159  0000                     _INT0IE	set	32660
   160  0000                     _INT0IF	set	32657
   161  0000                     _INT1IE	set	32643
   162  0000                     _INT1IF	set	32640
   163  0000                     _RBIE	set	32659
   164  0000                     _RBIF	set	32656
   165  0000                     _RBIP	set	32648
   166  0000                     _RBPU	set	32655
   167  0000                     _TMR0IF	set	32658
   168  002025  20                 	db	32
   169  002026  20                 	db	32
   170  002027  20                 	db	32
   171  002028  2A                 	db	42
   172  002029  2A                 	db	42
   173  00202A  46                 	db	70	;'F'
   174  00202B  72                 	db	114	;'r'
   175  00202C  61                 	db	97	;'a'
   176  00202D  73                 	db	115	;'s'
   177  00202E  65                 	db	101	;'e'
   178  00202F  20                 	db	32
   179  002030  65                 	db	101	;'e'
   180  002031  73                 	db	115	;'s'
   181  002032  63                 	db	99	;'c'
   182  002033  6F                 	db	111	;'o'
   183  002034  6E                 	db	110	;'n'
   184  002035  64                 	db	100	;'d'
   185  002036  69                 	db	105	;'i'
   186  002037  64                 	db	100	;'d'
   187  002038  61                 	db	97	;'a'
   188  002039  20                 	db	32
   189  00203A  3A                 	db	58	;':'
   190  00203B  2D                 	db	45
   191  00203C  29                 	db	41
   192  00203D  20                 	db	32
   193  00203E  2A                 	db	42
   194  00203F  2A                 	db	42
   195  002040  00                 	db	0
   196  002041  48                 	db	72	;'H'
   197  002042  6F                 	db	111	;'o'
   198  002043  6C                 	db	108	;'l'
   199  002044  61                 	db	97	;'a'
   200  002045  20                 	db	32
   201  002046  41                 	db	65	;'A'
   202  002047  6C                 	db	108	;'l'
   203  002048  75                 	db	117	;'u'
   204  002049  6D                 	db	109	;'m'
   205  00204A  6E                 	db	110	;'n'
   206  00204B  6F                 	db	111	;'o'
   207  00204C  73                 	db	115	;'s'
   208  00204D  00                 	db	0
   209  00204E  42                 	db	66	;'B'
   210  00204F  4F                 	db	79	;'O'
   211  002050  54                 	db	84	;'T'
   212  002051  31                 	db	49	;'1'
   213  002052  20                 	db	32
   214  002053  00                 	db	0
   215  002054  42                 	db	66	;'B'
   216  002055  4F                 	db	79	;'O'
   217  002056  54                 	db	84	;'T'
   218  002057  31                 	db	49	;'1'
   219  002058  00                 	db	0
   220  002059  42                 	db	66	;'B'
   221  00205A  4F                 	db	79	;'O'
   222  00205B  54                 	db	84	;'T'
   223  00205C  32                 	db	50	;'2'
   224  00205D  00                 	db	0
   225  00205E  42                 	db	66	;'B'
   226  00205F  4F                 	db	79	;'O'
   227  002060  54                 	db	84	;'T'
   228  002061  33                 	db	51	;'3'
   229  002062  00                 	db	0
   230  002063  42                 	db	66	;'B'
   231  002064  4F                 	db	79	;'O'
   232  002065  54                 	db	84	;'T'
   233  002066  34                 	db	52	;'4'
   234  002067  00                 	db	0
   235                           
   236                           ; #config settings
   237  002068  00                 	db	0	; dummy byte at the end
   238  0000                     
   239                           	psect	cinit
   240  007F44                     __pcinit:
   241                           	opt stack 0
   242  007F44                     start_initialization:
   243                           	opt stack 0
   244  007F44                     __initialization:
   245                           	opt stack 0
   246                           
   247                           ; Initialize objects allocated to COMRAM (10 bytes)
   248                           ; load TBLPTR registers with __pidataCOMRAM
   249  007F44  0E3A               	movlw	low __pidataCOMRAM
   250  007F46  6EF6               	movwf	tblptrl,c
   251  007F48  0E7F               	movlw	high __pidataCOMRAM
   252  007F4A  6EF7               	movwf	tblptrh,c
   253  007F4C  0E00               	movlw	low (__pidataCOMRAM shr (0+16))
   254  007F4E  6EF8               	movwf	tblptru,c
   255  007F50  EE00  F033         	lfsr	0,__pdataCOMRAM
   256  007F54  EE10 F00A          	lfsr	1,10
   257  007F58                     copy_data0:
   258  007F58  0009               	tblrd		*+
   259  007F5A  CFF5 FFEE          	movff	tablat,postinc0
   260  007F5E  50E5               	movf	postdec1,w,c
   261  007F60  50E1               	movf	fsr1l,w,c
   262  007F62  E1FA               	bnz	copy_data0
   263                           
   264                           ; Clear objects allocated to COMRAM (36 bytes)
   265  007F64  EE00  F001         	lfsr	0,__pbssCOMRAM
   266  007F68  0E24               	movlw	36
   267  007F6A                     clear_0:
   268  007F6A  6AEE               	clrf	postinc0,c
   269  007F6C  06E8               	decf	wreg,f,c
   270  007F6E  E1FD               	bnz	clear_0
   271  007F70                     end_of_initialization:
   272                           	opt stack 0
   273  007F70                     __end_of__initialization:
   274                           	opt stack 0
   275  007F70  903D               	bcf	int$flags,0,c	;clear compiler interrupt flag (level 1)
   276  007F72  923D               	bcf	int$flags,1,c	;clear compiler interrupt flag (level 2)
   277  007F74  0E00               	movlw	low (__Lmediumconst shr (0+16))
   278  007F76  6EF8               	movwf	tblptru,c
   279  007F78  0100               	movlb	0
   280  007F7A  EF02  F010         	goto	_main	;jump to C main() function
   281                           tblptru	equ	0xFF8
   282                           tblptrh	equ	0xFF7
   283                           tblptrl	equ	0xFF6
   284                           tablat	equ	0xFF5
   285                           postinc0	equ	0xFEE
   286                           wreg	equ	0xFE8
   287                           postdec1	equ	0xFE5
   288                           fsr1l	equ	0xFE1
   289                           
   290                           	psect	bssCOMRAM
   291  000001                     __pbssCOMRAM:
   292                           	opt stack 0
   293  000001                     _LCD_tout:
   294                           	opt stack 0
   295  000001                     	ds	2
   296  000003                     _MedioPeriodoSet:
   297                           	opt stack 0
   298  000003                     	ds	2
   299  000005                     _desplazar_tout:
   300                           	opt stack 0
   301  000005                     	ds	2
   302  000007                     _led_tout:
   303                           	opt stack 0
   304  000007                     	ds	2
   305  000009                     Botones13@Estado_BOT:
   306                           	opt stack 0
   307  000009                     	ds	1
   308  00000A                     _EstadoDeLosBotones:
   309                           	opt stack 0
   310  00000A                     	ds	1
   311  00000B                     _LowerByte:
   312                           	opt stack 0
   313  00000B                     	ds	1
   314  00000C                     _Multiplicador:
   315                           	opt stack 0
   316  00000C                     	ds	1
   317  00000D                     _MultiplicadorSet:
   318                           	opt stack 0
   319  00000D                     	ds	1
   320  00000E                     _bot_tout:
   321                           	opt stack 0
   322  00000E                     	ds	1
   323  00000F                     _delay_kb:
   324                           	opt stack 0
   325  00000F                     	ds	1
   326  000010                     _encoderTout:
   327                           	opt stack 0
   328  000010                     	ds	1
   329  000011                     _flagCanal:
   330                           	opt stack 0
   331  000011                     	ds	1
   332  000012                     _flag_kb:
   333                           	opt stack 0
   334  000012                     	ds	1
   335  000013                     _maximoEncoder:
   336                           	opt stack 0
   337  000013                     	ds	1
   338  000014                     _minimoEncoder:
   339                           	opt stack 0
   340  000014                     	ds	1
   341  000015                     _mux_tout:
   342                           	opt stack 0
   343  000015                     	ds	1
   344  000016                     _posicionEncoder:
   345                           	opt stack 0
   346  000016                     	ds	1
   347  000017                     debounce@cnt0:
   348                           	opt stack 0
   349  000017                     	ds	1
   350  000018                     debounce@cnt1:
   351                           	opt stack 0
   352  000018                     	ds	1
   353  000019                     debounce@state:
   354                           	opt stack 0
   355  000019                     	ds	1
   356  00001A                     demo_shield2_1@Desplazar:
   357                           	opt stack 0
   358  00001A                     	ds	1
   359  00001B                     demo_shield2_1@PrimeraVez:
   360                           	opt stack 0
   361  00001B                     	ds	1
   362  00001C                     demo_shield2_1@cont:
   363                           	opt stack 0
   364  00001C                     	ds	1
   365  00001D                     demo_shield2_1@cont1:
   366                           	opt stack 0
   367  00001D                     	ds	1
   368  00001E                     demo_shield2_1@cont2:
   369                           	opt stack 0
   370  00001E                     	ds	1
   371  00001F                     demo_shield2_1@cont3:
   372                           	opt stack 0
   373  00001F                     	ds	1
   374  000020                     demo_shield2_1@flag0:
   375                           	opt stack 0
   376  000020                     	ds	1
   377  000021                     demo_shield2_1@flag1:
   378                           	opt stack 0
   379  000021                     	ds	1
   380  000022                     demo_shield2_1@flag2:
   381                           	opt stack 0
   382  000022                     	ds	1
   383  000023                     demo_shield2_1@flag3:
   384                           	opt stack 0
   385  000023                     	ds	1
   386  000024                     tecla@status_KB:
   387                           	opt stack 0
   388  000024                     	ds	1
   389                           tblptru	equ	0xFF8
   390                           tblptrh	equ	0xFF7
   391                           tblptrl	equ	0xFF6
   392                           tablat	equ	0xFF5
   393                           postinc0	equ	0xFEE
   394                           wreg	equ	0xFE8
   395                           postdec1	equ	0xFE5
   396                           fsr1l	equ	0xFE1
   397                           
   398                           	psect	dataCOMRAM
   399  000033                     __pdataCOMRAM:
   400                           	opt stack 0
   401  000033                     Leds13@i:
   402                           	opt stack 0
   403  000033                     	ds	1
   404  000034                     Send4Disp@Nro_Disp:
   405                           	opt stack 0
   406  000034                     	ds	1
   407  000035                     _OffsetPeriodo:
   408                           	opt stack 0
   409  000035                     	ds	1
   410  000036                     _UpperByte:
   411                           	opt stack 0
   412  000036                     	ds	1
   413  000037                     _col:
   414                           	opt stack 0
   415  000037                     	ds	1
   416  000038                     _fila:
   417                           	opt stack 0
   418  000038                     	ds	1
   419  000039                     tic_debounce@debounce_tic:
   420                           	opt stack 0
   421  000039                     	ds	1
   422  00003A                     tic_encoder@estado:
   423                           	opt stack 0
   424  00003A                     	ds	1
   425  00003B                     _frecuencia:
   426                           	opt stack 0
   427  00003B                     	ds	2
   428                           tblptru	equ	0xFF8
   429                           tblptrh	equ	0xFF7
   430                           tblptrl	equ	0xFF6
   431                           tablat	equ	0xFF5
   432                           postinc0	equ	0xFEE
   433                           wreg	equ	0xFE8
   434                           postdec1	equ	0xFE5
   435                           fsr1l	equ	0xFE1
   436                           
   437                           	psect	cstackCOMRAM
   438  000025                     __pcstackCOMRAM:
   439                           	opt stack 0
   440  000025                     ??_myISR:
   441                           
   442                           ; 1 bytes @ 0x0
   443  000025                     	ds	14
   444  000033                     tblptru	equ	0xFF8
   445                           tblptrh	equ	0xFF7
   446                           tblptrl	equ	0xFF6
   447                           tablat	equ	0xFF5
   448                           postinc0	equ	0xFEE
   449                           wreg	equ	0xFE8
   450                           postdec1	equ	0xFE5
   451                           fsr1l	equ	0xFE1
   452                           
   453                           ; 1 bytes @ 0xE
   454 ;;
   455 ;;Main: autosize = 0, tempsize = 0, incstack = 0, save=0
   456 ;;
   457 ;; *************** function _main *****************
   458 ;; Defined at:
   459 ;;		line 18 in file "main.c"
   460 ;; Parameters:    Size  Location     Type
   461 ;;		None
   462 ;; Auto vars:     Size  Location     Type
   463 ;;		None
   464 ;; Return value:  Size  Location     Type
   465 ;;                  1    wreg      void 
   466 ;; Registers used:
   467 ;;		None
   468 ;; Tracked objects:
   469 ;;		On entry : 0/0
   470 ;;		On exit  : 0/0
   471 ;;		Unchanged: 0/0
   472 ;; Data sizes:     COMRAM   BANK0   BANK1   BANK2   BANK3   BANK4   BANK5   BANK6   BANK7
   473 ;;      Params:         0       0       0       0       0       0       0       0       0
   474 ;;      Locals:         0       0       0       0       0       0       0       0       0
   475 ;;      Temps:          0       0       0       0       0       0       0       0       0
   476 ;;      Totals:         0       0       0       0       0       0       0       0       0
   477 ;;Total ram usage:        0 bytes
   478 ;; Hardware stack levels required when called:    1
   479 ;; This function calls:
   480 ;;		Nothing
   481 ;; This function is called by:
   482 ;;		Startup code after reset
   483 ;; This function uses a non-reentrant model
   484 ;;
   485                           
   486                           	psect	text0
   487  002004                     __ptext0:
   488                           	opt stack 0
   489  002004                     _main:
   490                           	opt stack 30
   491  002004                     l13:
   492  002004  D7FF               	goto	l13
   493  002006                     __end_of_main:
   494                           	opt stack 0
   495                           tblptru	equ	0xFF8
   496                           tblptrh	equ	0xFF7
   497                           tblptrl	equ	0xFF6
   498                           tablat	equ	0xFF5
   499                           postinc0	equ	0xFEE
   500                           wreg	equ	0xFE8
   501                           postdec1	equ	0xFE5
   502                           fsr1l	equ	0xFE1
   503                           
   504 ;; *************** function _myISR *****************
   505 ;; Defined at:
   506 ;;		line 26 in file "main.c"
   507 ;; Parameters:    Size  Location     Type
   508 ;;		None
   509 ;; Auto vars:     Size  Location     Type
   510 ;;		None
   511 ;; Return value:  Size  Location     Type
   512 ;;                  1    wreg      void 
   513 ;; Registers used:
   514 ;;		wreg, status,2
   515 ;; Tracked objects:
   516 ;;		On entry : 0/0
   517 ;;		On exit  : 0/0
   518 ;;		Unchanged: 0/0
   519 ;; Data sizes:     COMRAM   BANK0   BANK1   BANK2   BANK3   BANK4   BANK5   BANK6   BANK7
   520 ;;      Params:         0       0       0       0       0       0       0       0       0
   521 ;;      Locals:         0       0       0       0       0       0       0       0       0
   522 ;;      Temps:         14       0       0       0       0       0       0       0       0
   523 ;;      Totals:        14       0       0       0       0       0       0       0       0
   524 ;;Total ram usage:       14 bytes
   525 ;; Hardware stack levels used:    1
   526 ;; This function calls:
   527 ;;		Nothing
   528 ;; This function is called by:
   529 ;;		Interrupt level 2
   530 ;; This function uses a non-reentrant model
   531 ;;
   532                           
   533                           	psect	intcode
   534  002008                     __pintcode:
   535                           	opt stack 0
   536  002008                     _myISR:
   537                           	opt stack 30
   538                           
   539                           ;incstack = 0
   540  002008  823D               	bsf	btemp,1,c	;set compiler interrupt flag (level 2)
   541  00200A  EDBF  F03F         	call	int_func,f	;refresh shadow registers
   542                           tblptru	equ	0xFF8
   543                           tblptrh	equ	0xFF7
   544                           tblptrl	equ	0xFF6
   545                           tablat	equ	0xFF5
   546                           postinc0	equ	0xFEE
   547                           wreg	equ	0xFE8
   548                           postdec1	equ	0xFE5
   549                           fsr1l	equ	0xFE1
   550                           
   551                           	psect	intcode_body
   552  007F7E                     __pintcode_body:
   553                           	opt stack 30
   554  007F7E                     int_func:
   555                           	opt stack 30
   556  007F7E  0006               	pop		; remove dummy address from shadow register refresh
   557  007F80  CFFA F025          	movff	pclath,??_myISR
   558  007F84  CFFB F026          	movff	pclatu,??_myISR+1
   559  007F88  CFE9 F027          	movff	fsr0l,??_myISR+2
   560  007F8C  CFEA F028          	movff	fsr0h,??_myISR+3
   561  007F90  CFE1 F029          	movff	fsr1l,??_myISR+4
   562  007F94  CFE2 F02A          	movff	fsr1h,??_myISR+5
   563  007F98  CFD9 F02B          	movff	fsr2l,??_myISR+6
   564  007F9C  CFDA F02C          	movff	fsr2h,??_myISR+7
   565  007FA0  CFF3 F02D          	movff	prodl,??_myISR+8
   566  007FA4  CFF4 F02E          	movff	prodh,??_myISR+9
   567  007FA8  CFF6 F02F          	movff	tblptrl,??_myISR+10
   568  007FAC  CFF7 F030          	movff	tblptrh,??_myISR+11
   569  007FB0  CFF8 F031          	movff	tblptru,??_myISR+12
   570  007FB4  CFF5 F032          	movff	tablat,??_myISR+13
   571                           
   572                           ;main.c: 28: if(TMR0IF){
   573  007FB8  A4F2               	btfss	intcon,2,c	;volatile
   574  007FBA  D004               	goto	i2l20
   575                           
   576                           ;main.c: 29: INTCONbits.TMR0IF = 0;
   577  007FBC  94F2               	bcf	intcon,2,c	;volatile
   578                           
   579                           ;main.c: 30: TMR0L = 209;
   580  007FBE  0ED1               	movlw	209
   581  007FC0  6ED6               	movwf	4054,c	;volatile
   582                           
   583                           ;main.c: 31: TMR0H = 0xFF;
   584  007FC2  68D7               	setf	4055,c	;volatile
   585  007FC4                     i2l20:
   586  007FC4  C032  FFF5         	movff	??_myISR+13,tablat
   587  007FC8  C031  FFF8         	movff	??_myISR+12,tblptru
   588  007FCC  C030  FFF7         	movff	??_myISR+11,tblptrh
   589  007FD0  C02F  FFF6         	movff	??_myISR+10,tblptrl
   590  007FD4  C02E  FFF4         	movff	??_myISR+9,prodh
   591  007FD8  C02D  FFF3         	movff	??_myISR+8,prodl
   592  007FDC  C02C  FFDA         	movff	??_myISR+7,fsr2h
   593  007FE0  C02B  FFD9         	movff	??_myISR+6,fsr2l
   594  007FE4  C02A  FFE2         	movff	??_myISR+5,fsr1h
   595  007FE8  C029  FFE1         	movff	??_myISR+4,fsr1l
   596  007FEC  C028  FFEA         	movff	??_myISR+3,fsr0h
   597  007FF0  C027  FFE9         	movff	??_myISR+2,fsr0l
   598  007FF4  C026  FFFB         	movff	??_myISR+1,pclatu
   599  007FF8  C025  FFFA         	movff	??_myISR,pclath
   600  007FFC  923D               	bcf	btemp,1,c	;clear compiler interrupt flag (level 2)
   601  007FFE  0011               	retfie		f
   602  008000                     __end_of_myISR:
   603                           	opt stack 0
   604                           pclatu	equ	0xFFB
   605                           pclath	equ	0xFFA
   606                           tblptru	equ	0xFF8
   607                           tblptrh	equ	0xFF7
   608                           tblptrl	equ	0xFF6
   609                           tablat	equ	0xFF5
   610                           prodh	equ	0xFF4
   611                           prodl	equ	0xFF3
   612                           intcon	equ	0xFF2
   613                           postinc0	equ	0xFEE
   614                           fsr0h	equ	0xFEA
   615                           fsr0l	equ	0xFE9
   616                           wreg	equ	0xFE8
   617                           postdec1	equ	0xFE5
   618                           fsr1h	equ	0xFE2
   619                           fsr1l	equ	0xFE1
   620                           fsr2h	equ	0xFDA
   621                           fsr2l	equ	0xFD9
   622                           pclatu	equ	0xFFB
   623                           pclath	equ	0xFFA
   624                           tblptru	equ	0xFF8
   625                           tblptrh	equ	0xFF7
   626                           tblptrl	equ	0xFF6
   627                           tablat	equ	0xFF5
   628                           prodh	equ	0xFF4
   629                           prodl	equ	0xFF3
   630                           intcon	equ	0xFF2
   631                           postinc0	equ	0xFEE
   632                           fsr0h	equ	0xFEA
   633                           fsr0l	equ	0xFE9
   634                           wreg	equ	0xFE8
   635                           postdec1	equ	0xFE5
   636                           fsr1h	equ	0xFE2
   637                           fsr1l	equ	0xFE1
   638                           fsr2h	equ	0xFDA
   639                           fsr2l	equ	0xFD9
   640                           
   641                           	psect	rparam
   642  0000                     pclatu	equ	0xFFB
   643                           pclath	equ	0xFFA
   644                           tblptru	equ	0xFF8
   645                           tblptrh	equ	0xFF7
   646                           tblptrl	equ	0xFF6
   647                           tablat	equ	0xFF5
   648                           prodh	equ	0xFF4
   649                           prodl	equ	0xFF3
   650                           intcon	equ	0xFF2
   651                           postinc0	equ	0xFEE
   652                           fsr0h	equ	0xFEA
   653                           fsr0l	equ	0xFE9
   654                           wreg	equ	0xFE8
   655                           postdec1	equ	0xFE5
   656                           fsr1h	equ	0xFE2
   657                           fsr1l	equ	0xFE1
   658                           fsr2h	equ	0xFDA
   659                           fsr2l	equ	0xFD9
   660                           
   661                           	psect	temp
   662  00003D                     btemp:
   663                           	opt stack 0
   664  00003D                     	ds	1
   665  0000                     int$flags	set	btemp
   666                           pclatu	equ	0xFFB
   667                           pclath	equ	0xFFA
   668                           tblptru	equ	0xFF8
   669                           tblptrh	equ	0xFF7
   670                           tblptrl	equ	0xFF6
   671                           tablat	equ	0xFF5
   672                           prodh	equ	0xFF4
   673                           prodl	equ	0xFF3
   674                           intcon	equ	0xFF2
   675                           postinc0	equ	0xFEE
   676                           fsr0h	equ	0xFEA
   677                           fsr0l	equ	0xFE9
   678                           wreg	equ	0xFE8
   679                           postdec1	equ	0xFE5
   680                           fsr1h	equ	0xFE2
   681                           fsr1l	equ	0xFE1
   682                           fsr2h	equ	0xFDA
   683                           fsr2l	equ	0xFD9


Data Sizes:
    Strings     67
    Constant    12
    Data        10
    BSS         36
    Persistent  0
    Stack       0

Auto Spaces:
    Space          Size  Autos    Used
    COMRAM           94     14      60
    BANK0           160      0       0
    BANK1           256      0       0
    BANK2           256      0       0
    BANK3           256      0       0
    BANK4           256      0       0
    BANK5           256      0       0
    BANK6           256      0       0
    BANK7           256      0       0

Pointer List with Targets:

    None.

Critical Paths under _main in COMRAM

    None.

Critical Paths under _myISR in COMRAM

    None.

Critical Paths under _main in BANK0

    None.

Critical Paths under _myISR in BANK0

    None.

Critical Paths under _main in BANK1

    None.

Critical Paths under _myISR in BANK1

    None.

Critical Paths under _main in BANK2

    None.

Critical Paths under _myISR in BANK2

    None.

Critical Paths under _main in BANK3

    None.

Critical Paths under _myISR in BANK3

    None.

Critical Paths under _main in BANK4

    None.

Critical Paths under _myISR in BANK4

    None.

Critical Paths under _main in BANK5

    None.

Critical Paths under _myISR in BANK5

    None.

Critical Paths under _main in BANK6

    None.

Critical Paths under _myISR in BANK6

    None.

Critical Paths under _main in BANK7

    None.

Critical Paths under _myISR in BANK7

    None.

Call Graph Tables:

 ---------------------------------------------------------------------------------
 (Depth) Function   	        Calls       Base Space   Used Autos Params    Refs
 ---------------------------------------------------------------------------------
 (0) _main                                                 0     0      0       0
 ---------------------------------------------------------------------------------
 Estimated maximum stack depth 0
 ---------------------------------------------------------------------------------
 (Depth) Function   	        Calls       Base Space   Used Autos Params    Refs
 ---------------------------------------------------------------------------------
 (1) _myISR                                               14    14      0       0
                                              0 COMRAM    14    14      0
 ---------------------------------------------------------------------------------
 Estimated maximum stack depth 1
 ---------------------------------------------------------------------------------

 Call Graph Graphs:

 _main (ROOT)

 _myISR (ROOT)

 Address spaces:
Name               Size   Autos  Total    Cost      Usage
BIGRAM             7FF      0       0      21        0.0%
EEDATA             100      0       0       0        0.0%
BITBANK7           100      0       0      18        0.0%
BANK7              100      0       0      19        0.0%
BITBANK6           100      0       0      16        0.0%
BANK6              100      0       0      17        0.0%
BITBANK5           100      0       0      14        0.0%
BANK5              100      0       0      15        0.0%
BITBANK4           100      0       0      12        0.0%
BANK4              100      0       0      13        0.0%
BITBANK3           100      0       0      10        0.0%
BANK3              100      0       0      11        0.0%
BITBANK2           100      0       0       8        0.0%
BANK2              100      0       0       9        0.0%
BITBANK1           100      0       0       6        0.0%
BANK1              100      0       0       7        0.0%
BITBANK0            A0      0       0       4        0.0%
BANK0               A0      0       0       5        0.0%
BITCOMRAM           5E      0       0       0        0.0%
COMRAM              5E      E      3C       1       63.8%
BITSFR               0      0       0     200        0.0%
SFR                  0      0       0     200        0.0%
STACK                0      0       0       2        0.0%
NULL                 0      0       0       0        0.0%
ABS                  0      0      3C      20        0.0%
DATA                 0      0      3C       3        0.0%
CODE                 0      0       0       0        0.0%


Microchip Technology PIC18 Macro Assembler V1.40 build -251452761 
Symbol Table                                                                                   Sun Dec 25 20:24:27 2016

                      l13 2004               __CFG_BOR$ON 000000               __CFG_BORV$3 000000  
            __CFG_CP0$OFF 000000              __CFG_CP1$OFF 000000              __CFG_CPB$OFF 000000  
                     _PR2 000FCB                       _col 0037          _MultiplicadorSet 000D  
                     wreg 000FE8              __CFG_LVP$OFF 000000              __CFG_WDT$OFF 000000  
                    STR_1 2041                      STR_2 2054                      STR_3 204E  
                    STR_5 2059                      STR_6 205E                      STR_7 2063  
                    STR_8 2025                      _LATA 000F89                      _LATB 000F8A  
                    _LATC 000F8B                      _LATD 000F8C                      _LATE 000F8D  
                    _RBIE 007F93                      _RBIF 007F90                      i2l20 7FC4  
                    _RBIP 007F88                      _RBPU 007F8F                      _fila 0038  
                    _main 2004                      fsr0h 000FEA                      fsr1h 000FE2  
                    fsr2h 000FDA                      fsr0l 000FE9                      fsr1l 000FE1  
                    fsr2l 000FD9                      btemp 003D                      prodh 000FF4  
                    prodl 000FF3                      start 200E             __CFG_IESO$OFF 000000  
           __CFG_MCLRE$ON 000000              ___param_bank 000000             __CFG_PLLDIV$5 000000  
                   ?_main 0025                     _EEADR 000FA9                     _CMCON 000FB4  
                   _RCREG 000FAE                     _TMR0H 000FD7                     _TMR1H 000FCF  
                   _TMR0L 000FD6                     _TMR1L 000FCE                     _SPBRG 000FAF  
                   _PORTA 000F80                     _PORTB 000F81             __CFG_USBDIV$2 000000  
                   _TRISA 000F92                     _TRISB 000F93                     _TRISC 000F94  
                   _TRISD 000F95                     _TRISE 000F96                     _TXREG 000FAD  
           __CFG_PWRT$OFF 000000             __CFG_WRT0$OFF 000000             __CFG_WRT1$OFF 000000  
          __CFG_EBTR0$OFF 000000            __CFG_FCMEN$OFF 000000            __CFG_EBTR1$OFF 000000  
           __CFG_WRTB$OFF 000000             __CFG_WRTC$OFF 000000            __CFG_EBTRB$OFF 000000  
                   _myISR 2008                     pclath 000FFA                     tablat 000FF5  
         __initialization 7F44              __end_of_main 2006                    ??_main 0033  
           __activetblptr 000002                    _ADCON1 000FC1                    _ADCON2 000FC0  
                  ?_myISR 0025                    _ADRESH 000FC4                    _EEDATA 000FA8  
                  _CCPR1L 000FBE                    _EECON2 000FA7                    _INT0IE 007F94  
                  _INT0IF 007F91                    _INT1IE 007F83                    _INT1IF 007F80  
                  _TMR0IF 007F92                    _SPBRGH 000FB0            __CFG_VREGEN$ON 000000  
          __CFG_XINST$OFF 000000            __CFG_STVREN$ON 000000                    clear_0 7F6A  
                  _teclas 2019              __pdataCOMRAM 0033              __mediumconst 0000  
                  tblptrh 000FF7                    tblptrl 000FF6                    tblptru 000FF8  
           _OffsetPeriodo 0035       demo_shield2_1@flag0 0020       demo_shield2_1@flag1 0021  
     demo_shield2_1@flag2 0022       demo_shield2_1@flag3 0023       demo_shield2_1@cont1 001D  
     demo_shield2_1@cont2 001E       demo_shield2_1@cont3 001F                __accesstop 0060  
 __end_of__initialization 7F70           __CFG_PBADEN$OFF 000000             ___rparam_used 000001  
          __pcstackCOMRAM 0025             __end_of_myISR 8000                   ??_myISR 0025  
           _maximoEncoder 0013                   Leds13@i 0033                _frecuencia 003B  
                 __Hparam 0000                   __Lparam 0000              __psmallconst 2018  
                 __pcinit 7F44                   __ramtop 0800                   _flag_kb 0012  
                 __ptext0 2004                 _T0CONbits 000FD5                 _T1CONbits 000FCD  
               _T2CONbits 000FCA             _minimoEncoder 0014            __pintcode_body 7F7E  
           debounce@state 0019      end_of_initialization 7F70             __Lmediumconst 0000  
                 int_func 7F7E                 _RCSTAbits 000FAB                   postdec1 000FE5  
                 postinc0 000FEE                 _PORTBbits 000F81                 _PORTDbits 000F83  
               _PORTEbits 000F84        _EstadoDeLosBotones 000A                 _TRISAbits 000F92  
               _TRISBbits 000F93                 _TRISCbits 000F94                 _TRISEbits 000F96  
       tic_encoder@estado 003A               _CCP1CONbits 000FBD                 _TXSTAbits 000FAC  
             _BAUDCONbits 000FB8             __pidataCOMRAM 7F3A            __end_of_teclas 2025  
     start_initialization 7F44            tecla@status_KB 0024                 _LowerByte 000B  
        __CFG_LPT1OSC$OFF 000000           _posicionEncoder 0016  tic_debounce@debounce_tic 0039  
      demo_shield2_1@cont 001C                 _UpperByte 0036               __pbssCOMRAM 0001  
               _flagCanal 0011                 __pintcode 2008         Send4Disp@Nro_Disp 0034  
             __smallconst 2018            _desplazar_tout 0005            __size_of_myISR 5FF8  
demo_shield2_1@PrimeraVez 001B              debounce@cnt0 0017              debounce@cnt1 0018  
                _LATAbits 000F89                  _LATBbits 000F8A                  _LATCbits 000F8B  
                _LATDbits 000F8C                  _LATEbits 000F8D                  _LCD_tout 0001  
                _PIE1bits 000F9D               _encoderTout 0010                  _PIR1bits 000F9E  
        __CFG_WDTPS$32768 000000                _ADCON0bits 000FC2             _Multiplicador 000C  
         _MedioPeriodoSet 0003               _INTCON2bits 000FF1               _INTCON3bits 000FF0  
               copy_data0 7F58       Botones13@Estado_BOT 0009   demo_shield2_1@Desplazar 001A  
              _EECON1bits 000FA6                  __Hrparam 0000                  __Lrparam 0000  
                _delay_kb 000F                  _bot_tout 000E                  _led_tout 0007  
           __size_of_main 0002                  int$flags 003D                  _mux_tout 0015  
   __CFG_CPUDIV$OSC1_PLL2 000000                _INTCONbits 000FF2                  intlevel2 0000  
      __CFG_FOSC$HSPLL_HS 000000  
